<?xml version="1.0" encoding="UTF-8"?>
<!-- Generated by org.testng.reporters.JUnitXMLReporter -->
<testsuite ignored="21" hostname="LAPTOP-1R7PR83T" failures="0" tests="1" name="Default test" time="16.276" errors="0" timestamp="2025-11-25T17:45:01 IST">
  <testcase classname="Test.JalaTechnologiesDemo" name="verifyLableEmploeeOptionsOnHomePage" time="13.11"/>
  <testcase classname="Test.JalaTechnologiesDemo" name="verifyAndClickSaveButtononCreateEmployeePage" time="0.0">
    <ignored/>
  </testcase> <!-- verifyAndClickSaveButtononCreateEmployeePage -->
  <testcase classname="Test.JalaTechnologiesDemo" name="verifyandClickAddEmployeeBtnOnSearchEmployeePage" time="0.0">
    <ignored/>
  </testcase> <!-- verifyandClickAddEmployeeBtnOnSearchEmployeePage -->
  <testcase classname="Test.JalaTechnologiesDemo" name="verifyLableEmployeeOptionSearchOnHomePage" time="0.0">
    <ignored/>
  </testcase> <!-- verifyLableEmployeeOptionSearchOnHomePage -->
  <testcase classname="Test.JalaTechnologiesDemo" name="verifyLableEmployeeOnHomePage" time="0.0">
    <ignored/>
  </testcase> <!-- verifyLableEmployeeOnHomePage -->
  <testcase classname="Test.JalaTechnologiesDemo" name="verifyAndClickCheckboxQAAutomationonCreateEmployeePage" time="0.0">
    <ignored/>
  </testcase> <!-- verifyAndClickCheckboxQAAutomationonCreateEmployeePage -->
  <testcase classname="Test.JalaTechnologiesDemo" name="verifyAddressDetailsOnCreateEmployeePage" time="0.0">
    <ignored/>
  </testcase> <!-- verifyAddressDetailsOnCreateEmployeePage -->
  <testcase classname="Test.JalaTechnologiesDemo" name="verifyAndMultipleTabonHomePage" time="0.0">
    <ignored/>
  </testcase> <!-- verifyAndMultipleTabonHomePage -->
  <testcase classname="Test.JalaTechnologiesDemo" name="verifyEditEmployeeHeaderonEditEmployeePage" time="0.0">
    <ignored/>
  </testcase> <!-- verifyEditEmployeeHeaderonEditEmployeePage -->
  <testcase classname="Test.JalaTechnologiesDemo" name="verifyandClickRadioButtonMaleOnCreateEmployeePage" time="0.0">
    <ignored/>
  </testcase> <!-- verifyandClickRadioButtonMaleOnCreateEmployeePage -->
  <testcase classname="Test.JalaTechnologiesDemo" name="verifyEmployeePersonalDetailsOnCreateEmployeePage" time="0.0">
    <ignored/>
  </testcase> <!-- verifyEmployeePersonalDetailsOnCreateEmployeePage -->
  <testcase classname="Test.JalaTechnologiesDemo" name="verifyAndClickSearchbtnonSearchEmployeePage" time="0.0">
    <ignored/>
  </testcase> <!-- verifyAndClickSearchbtnonSearchEmployeePage -->
  <testcase classname="Test.JalaTechnologiesDemo" name="verifyAndEnterNameonSearchEmployeePage" time="0.0">
    <ignored/>
  </testcase> <!-- verifyAndEnterNameonSearchEmployeePage -->
  <testcase classname="Test.JalaTechnologiesDemo" name="verifySearchEmployeeHeaderonSearchEmployeePage" time="0.0">
    <ignored/>
  </testcase> <!-- verifySearchEmployeeHeaderonSearchEmployeePage -->
  <testcase classname="Test.JalaTechnologiesDemo" name="verifyAndClickLableMoreonHomePage" time="0.0">
    <ignored/>
  </testcase> <!-- verifyAndClickLableMoreonHomePage -->
  <testcase classname="Test.JalaTechnologiesDemo" name="verifyLableMenuonHomePage" time="0.0">
    <ignored/>
  </testcase> <!-- verifyLableMenuonHomePage -->
  <testcase classname="Test.JalaTechnologiesDemo" name="verifyLoginFunctionalityWithValidCredentials" time="0.0">
    <ignored/>
  </testcase> <!-- verifyLoginFunctionalityWithValidCredentials -->
  <testcase classname="Test.JalaTechnologiesDemo" name="verifyLableEmployeeOptionCreateOnHomePage" time="0.0">
    <ignored/>
  </testcase> <!-- verifyLableEmployeeOptionCreateOnHomePage -->
  <testcase classname="Test.JalaTechnologiesDemo" name="verifyLableCollapsibleContentonHomePage" time="0.0">
    <ignored/>
  </testcase> <!-- verifyLableCollapsibleContentonHomePage -->
  <testcase classname="Test.JalaTechnologiesDemo" name="verifyCreateEmployeeHeaderOnCreateEmployeePage" time="0.0">
    <ignored/>
  </testcase> <!-- verifyCreateEmployeeHeaderOnCreateEmployeePage -->
  <testcase classname="Test.JalaTechnologiesDemo" name="verifyAndDeleteEmployeebtnonSearchEmployeePage" time="0.0">
    <ignored/>
  </testcase> <!-- verifyAndDeleteEmployeebtnonSearchEmployeePage -->
  <testcase classname="Test.JalaTechnologiesDemo" name="verifyAndClickEditEmployeebtnonSearchEmployeePage" time="0.0">
    <ignored/>
  </testcase> <!-- verifyAndClickEditEmployeebtnonSearchEmployeePage -->
</testsuite> <!-- Default test -->
