<html>
<head>
<title>TestNG:  Default test</title>
<link href="../testng.css" rel="stylesheet" type="text/css" />
<link href="../my-testng.css" rel="stylesheet" type="text/css" />

<style type="text/css">
.log { display: none;} 
.stack-trace { display: none;} 
</style>
<script type="text/javascript">
<!--
function flip(e) {
  current = e.style.display;
  if (current == 'block') {
    e.style.display = 'none';
    return 0;
  }
  else {
    e.style.display = 'block';
    return 1;
  }
}

function toggleBox(szDivId, elem, msg1, msg2)
{
  var res = -1;  if (document.getElementById) {
    res = flip(document.getElementById(szDivId));
  }
  else if (document.all) {
    // this is the way old msie versions work
    res = flip(document.all[szDivId]);
  }
  if(elem) {
    if(res == 0) elem.innerHTML = msg1; else elem.innerHTML = msg2;
  }

}

function toggleAllBoxes() {
  if (document.getElementsByTagName) {
    d = document.getElementsByTagName('div');
    for (i = 0; i < d.length; i++) {
      if (d[i].className == 'log') {
        flip(d[i]);
      }
    }
  }
}

// -->
</script>

</head>
<body>
<h2 align='center'>Default test</h2><table border='1' align="center">
<tr>
<td>Tests passed/Failed/Skipped:</td><td>21/1/0</td>
</tr><tr>
<td>Started on:</td><td>Wed Nov 26 10:26:10 IST 2025</td>
</tr>
<tr><td>Total time:</td><td>434 seconds (434408 ms)</td>
</tr><tr>
<td>Included groups:</td><td></td>
</tr><tr>
<td>Excluded groups:</td><td></td>
</tr>
</table><p/>
<small><i>(Hover the method name to see the test class name)</i></small><p/>
<table width='100%' border='1' class='invocation-failed'>
<tr><td colspan='4' align='center'><b>FAILED TESTS</b></td></tr>
<tr><td><b>Test method</b></td>
<td><b>Attribute(s)</b></td>
<td width="30%"><b>Exception</b></td>
<td width="10%"><b>Time (seconds)</b></td>
<td><b>Instance</b></td>
</tr>
<tr>
<td title='Test.JalaTechnologiesDemo.verifyLableEmployeeOptionSearchOnHomePage()'><b>verifyLableEmployeeOptionSearchOnHomePage</b><br>Test class: Test.JalaTechnologiesDemo</td>
<td><div><pre>org.openqa.selenium.NoSuchElementException: no such element: Unable to locate element: {&quot;method&quot;:&quot;xpath&quot;,&quot;selector&quot;:&quot;//input[@class=&apos;form-control&apos; and @name=&apos;UserName&apos;]&quot;}
  (Session info: chrome=142.0.7444.176)
For documentation on this error, please visit: https://www.selenium.dev/documentation/webdriver/troubleshooting/errors#no-such-element-exception
Build info: version: &apos;4.10.0&apos;, revision: &apos;c14d967899&apos;
System info: os.name: &apos;Windows 11&apos;, os.arch: &apos;amd64&apos;, os.version: &apos;10.0&apos;, java.version: &apos;21.0.6&apos;
Driver info: org.openqa.selenium.chrome.ChromeDriver
Command: [b8018f42dd7e83a6f095b1b6b04a3311, findElement {using=xpath, value=//input[@class=&apos;form-control&apos; and @name=&apos;UserName&apos;]}]
Capabilities {acceptInsecureCerts: false, browserName: chrome, browserVersion: 142.0.7444.176, chrome: {chromedriverVersion: 142.0.7444.175 (302067f14a4..., userDataDir: C:\Users\Swapnil\AppData\Lo...}, fedcm:accounts: true, goog:chromeOptions: {debuggerAddress: localhost:53869}, goog:processID: 20492, networkConnectionEnabled: false, pageLoadStrategy: normal, platformName: windows, proxy: Proxy(), se:cdp: ws://localhost:53869/devtoo..., se:cdpVersion: 142.0.7444.176, setWindowRect: true, strictFileInteractability: false, timeouts: {implicit: 0, pageLoad: 300000, script: 30000}, unhandledPromptBehavior: dismiss and notify, webauthn:extension:credBlob: true, webauthn:extension:largeBlob: true, webauthn:extension:minPinLength: true, webauthn:extension:prf: true, webauthn:virtualAuthenticators: true}
Session ID: b8018f42dd7e83a6f095b1b6b04a3311
	at java.base/jdk.internal.reflect.DirectConstructorHandleAccessor.newInstance(DirectConstructorHandleAccessor.java:62)
	at java.base/java.lang.reflect.Constructor.newInstanceWithCaller(Constructor.java:502)
	at java.base/java.lang.reflect.Constructor.newInstance(Constructor.java:486)
	at org.openqa.selenium.remote.codec.w3c.W3CHttpResponseCodec.createException(W3CHttpResponseCodec.java:199)
	at org.openqa.selenium.remote.codec.w3c.W3CHttpResponseCodec.decode(W3CHttpResponseCodec.java:132)
	at org.openqa.selenium.remote.codec.w3c.W3CHttpResponseCodec.decode(W3CHttpResponseCodec.java:51)
	at org.openqa.selenium.remote.HttpCommandExecutor.execute(HttpCommandExecutor.java:191)
	at org.openqa.selenium.remote.service.DriverCommandExecutor.invokeExecute(DriverCommandExecutor.java:196)
	at org.openqa.selenium.remote.service.DriverCommandExecutor.execute(DriverCommandExecutor.java:171)
	at org.openqa.selenium.remote.RemoteWebDriver.execute(RemoteWebDriver.java:531)
	at org.openqa.selenium.remote.ElementLocation$ElementFinder$2.findElement(ElementLocation.java:165)
	at org.openqa.selenium.remote.ElementLocation.findElement(ElementLocation.java:59)
	at org.openqa.selenium.remote.RemoteWebDriver.findElement(RemoteWebDriver.java:350)
	at org.openqa.selenium.remote.RemoteWebDriver.findElement(RemoteWebDriver.java:344)
	at org.openqa.selenium.support.pagefactory.DefaultElementLocator.findElement(DefaultElementLocator.java:68)
	at org.openqa.selenium.support.pagefactory.internal.LocatingElementHandler.invoke(LocatingElementHandler.java:38)
	at jdk.proxy2/jdk.proxy2.$Proxy19.click(Unknown Source)
	at Pages.LoginPage.clickAndEnterEmail(LoginPage.java:34)
	at Test.JalaTechnologiesDemo.verifyLableEmployeeOptionSearchOnHomePage(JalaTechnologiesDemo.java:213)
	at java.base/jdk.internal.reflect.DirectMethodHandleAccessor.invoke(DirectMethodHandleAccessor.java:103)
	at java.base/java.lang.reflect.Method.invoke(Method.java:580)
	at org.testng.internal.invokers.MethodInvocationHelper.invokeMethod(MethodInvocationHelper.java:141)
	at org.testng.internal.invokers.TestInvoker.invokeMethod(TestInvoker.java:687)
	at org.testng.internal.invokers.TestInvoker.invokeTestMethod(TestInvoker.java:230)
	at org.testng.internal.invokers.MethodRunner.runInSequence(MethodRunner.java:63)
	at org.testng.internal.invokers.TestInvoker$MethodInvocationAgent.invoke(TestInvoker.java:995)
	at org.testng.internal.invokers.TestInvoker.invokeTestMethods(TestInvoker.java:203)
	at org.testng.internal.invokers.TestMethodWorker.invokeTestMethods(TestMethodWorker.java:154)
	at org.testng.internal.invokers.TestMethodWorker.run(TestMethodWorker.java:134)
	at java.base/java.util.ArrayList.forEach(ArrayList.java:1596)
	at org.testng.TestRunner.privateRun(TestRunner.java:741)
	at org.testng.TestRunner.run(TestRunner.java:616)
	at org.testng.SuiteRunner.runTest(SuiteRunner.java:421)
	at org.testng.SuiteRunner.runSequentially(SuiteRunner.java:413)
	at org.testng.SuiteRunner.privateRun(SuiteRunner.java:373)
	at org.testng.SuiteRunner.run(SuiteRunner.java:312)
	at org.testng.SuiteRunnerWorker.runSuite(SuiteRunnerWorker.java:52)
	at org.testng.SuiteRunnerWorker.run(SuiteRunnerWorker.java:95)
	at org.testng.TestNG.runSuitesSequentially(TestNG.java:1274)
	at org.testng.TestNG.runSuitesLocally(TestNG.java:1208)
	at org.testng.TestNG.runSuites(TestNG.java:1112)
	at org.testng.TestNG.run(TestNG.java:1079)
	at org.testng.remote.AbstractRemoteTestNG.run(AbstractRemoteTestNG.java:115)
	at org.testng.remote.RemoteTestNG.initAndRun(RemoteTestNG.java:293)
	at org.testng.remote.RemoteTestNG.main(RemoteTestNG.java:91)
</pre></div><a href='#' onClick='toggleBox("stack-trace2004013670", this, "Click to show all stack frames", "Click to hide stack frames")'>Click to show all stack frames</a>
<div class='stack-trace' id='stack-trace2004013670'><pre>org.openqa.selenium.NoSuchElementException: no such element: Unable to locate element: {&quot;method&quot;:&quot;xpath&quot;,&quot;selector&quot;:&quot;//input[@class=&apos;form-control&apos; and @name=&apos;UserName&apos;]&quot;}
  (Session info: chrome=142.0.7444.176)
For documentation on this error, please visit: https://www.selenium.dev/documentation/webdriver/troubleshooting/errors#no-such-element-exception
Build info: version: &apos;4.10.0&apos;, revision: &apos;c14d967899&apos;
System info: os.name: &apos;Windows 11&apos;, os.arch: &apos;amd64&apos;, os.version: &apos;10.0&apos;, java.version: &apos;21.0.6&apos;
Driver info: org.openqa.selenium.chrome.ChromeDriver
Command: [b8018f42dd7e83a6f095b1b6b04a3311, findElement {using=xpath, value=//input[@class=&apos;form-control&apos; and @name=&apos;UserName&apos;]}]
Capabilities {acceptInsecureCerts: false, browserName: chrome, browserVersion: 142.0.7444.176, chrome: {chromedriverVersion: 142.0.7444.175 (302067f14a4..., userDataDir: C:\Users\Swapnil\AppData\Lo...}, fedcm:accounts: true, goog:chromeOptions: {debuggerAddress: localhost:53869}, goog:processID: 20492, networkConnectionEnabled: false, pageLoadStrategy: normal, platformName: windows, proxy: Proxy(), se:cdp: ws://localhost:53869/devtoo..., se:cdpVersion: 142.0.7444.176, setWindowRect: true, strictFileInteractability: false, timeouts: {implicit: 0, pageLoad: 300000, script: 30000}, unhandledPromptBehavior: dismiss and notify, webauthn:extension:credBlob: true, webauthn:extension:largeBlob: true, webauthn:extension:minPinLength: true, webauthn:extension:prf: true, webauthn:virtualAuthenticators: true}
Session ID: b8018f42dd7e83a6f095b1b6b04a3311
	at java.base/jdk.internal.reflect.DirectConstructorHandleAccessor.newInstance(DirectConstructorHandleAccessor.java:62)
	at java.base/java.lang.reflect.Constructor.newInstanceWithCaller(Constructor.java:502)
	at java.base/java.lang.reflect.Constructor.newInstance(Constructor.java:486)
	at org.openqa.selenium.remote.codec.w3c.W3CHttpResponseCodec.createException(W3CHttpResponseCodec.java:199)
	at org.openqa.selenium.remote.codec.w3c.W3CHttpResponseCodec.decode(W3CHttpResponseCodec.java:132)
	at org.openqa.selenium.remote.codec.w3c.W3CHttpResponseCodec.decode(W3CHttpResponseCodec.java:51)
	at org.openqa.selenium.remote.HttpCommandExecutor.execute(HttpCommandExecutor.java:191)
	at org.openqa.selenium.remote.service.DriverCommandExecutor.invokeExecute(DriverCommandExecutor.java:196)
	at org.openqa.selenium.remote.service.DriverCommandExecutor.execute(DriverCommandExecutor.java:171)
	at org.openqa.selenium.remote.RemoteWebDriver.execute(RemoteWebDriver.java:531)
	at org.openqa.selenium.remote.ElementLocation$ElementFinder$2.findElement(ElementLocation.java:165)
	at org.openqa.selenium.remote.ElementLocation.findElement(ElementLocation.java:59)
	at org.openqa.selenium.remote.RemoteWebDriver.findElement(RemoteWebDriver.java:350)
	at org.openqa.selenium.remote.RemoteWebDriver.findElement(RemoteWebDriver.java:344)
	at org.openqa.selenium.support.pagefactory.DefaultElementLocator.findElement(DefaultElementLocator.java:68)
	at org.openqa.selenium.support.pagefactory.internal.LocatingElementHandler.invoke(LocatingElementHandler.java:38)
	at jdk.proxy2/jdk.proxy2.$Proxy19.click(Unknown Source)
	at Pages.LoginPage.clickAndEnterEmail(LoginPage.java:34)
	at Test.JalaTechnologiesDemo.verifyLableEmployeeOptionSearchOnHomePage(JalaTechnologiesDemo.java:213)
	at java.base/jdk.internal.reflect.DirectMethodHandleAccessor.invoke(DirectMethodHandleAccessor.java:103)
	at java.base/java.lang.reflect.Method.invoke(Method.java:580)
	at org.testng.internal.invokers.MethodInvocationHelper.invokeMethod(MethodInvocationHelper.java:141)
	at org.testng.internal.invokers.TestInvoker.invokeMethod(TestInvoker.java:687)
	at org.testng.internal.invokers.TestInvoker.invokeTestMethod(TestInvoker.java:230)
	at org.testng.internal.invokers.MethodRunner.runInSequence(MethodRunner.java:63)
	at org.testng.internal.invokers.TestInvoker$MethodInvocationAgent.invoke(TestInvoker.java:995)
	at org.testng.internal.invokers.TestInvoker.invokeTestMethods(TestInvoker.java:203)
	at org.testng.internal.invokers.TestMethodWorker.invokeTestMethods(TestMethodWorker.java:154)
	at org.testng.internal.invokers.TestMethodWorker.run(TestMethodWorker.java:134)
	at java.base/java.util.ArrayList.forEach(ArrayList.java:1596)
	at org.testng.TestRunner.privateRun(TestRunner.java:741)
	at org.testng.TestRunner.run(TestRunner.java:616)
	at org.testng.SuiteRunner.runTest(SuiteRunner.java:421)
	at org.testng.SuiteRunner.runSequentially(SuiteRunner.java:413)
	at org.testng.SuiteRunner.privateRun(SuiteRunner.java:373)
	at org.testng.SuiteRunner.run(SuiteRunner.java:312)
	at org.testng.SuiteRunnerWorker.runSuite(SuiteRunnerWorker.java:52)
	at org.testng.SuiteRunnerWorker.run(SuiteRunnerWorker.java:95)
	at org.testng.TestNG.runSuitesSequentially(TestNG.java:1274)
	at org.testng.TestNG.runSuitesLocally(TestNG.java:1208)
	at org.testng.TestNG.runSuites(TestNG.java:1112)
	at org.testng.TestNG.run(TestNG.java:1079)
	at org.testng.remote.AbstractRemoteTestNG.run(AbstractRemoteTestNG.java:115)
	at org.testng.remote.RemoteTestNG.initAndRun(RemoteTestNG.java:293)
	at org.testng.remote.RemoteTestNG.main(RemoteTestNG.java:91)
</pre></div></td>
<td>1</td>
<td>Test.JalaTechnologiesDemo@6f4a47c7</td></tr>
</table><p>
<table width='100%' border='1' class='invocation-passed'>
<tr><td colspan='4' align='center'><b>PASSED TESTS</b></td></tr>
<tr><td><b>Test method</b></td>
<td><b>Attribute(s)</b></td>
<td width="30%"><b>Exception</b></td>
<td width="10%"><b>Time (seconds)</b></td>
<td><b>Instance</b></td>
</tr>
<tr>
<td title='Test.JalaTechnologiesDemo.verifyandClickAddEmployeeBtnOnSearchEmployeePage()'><b>verifyandClickAddEmployeeBtnOnSearchEmployeePage</b><br>Test class: Test.JalaTechnologiesDemo</td>
<td></td>
<td>16</td>
<td>Test.JalaTechnologiesDemo@6f4a47c7</td></tr>
<tr>
<td title='Test.JalaTechnologiesDemo.verifyLableEmployeeOptionCreateOnHomePage()'><b>verifyLableEmployeeOptionCreateOnHomePage</b><br>Test class: Test.JalaTechnologiesDemo</td>
<td></td>
<td>15</td>
<td>Test.JalaTechnologiesDemo@6f4a47c7</td></tr>
<tr>
<td title='Test.JalaTechnologiesDemo.verifyandClickRadioButtonMaleOnCreateEmployeePage()'><b>verifyandClickRadioButtonMaleOnCreateEmployeePage</b><br>Test class: Test.JalaTechnologiesDemo</td>
<td></td>
<td>28</td>
<td>Test.JalaTechnologiesDemo@6f4a47c7</td></tr>
<tr>
<td title='Test.JalaTechnologiesDemo.verifyAndClickSearchbtnonSearchEmployeePage()'><b>verifyAndClickSearchbtnonSearchEmployeePage</b><br>Test class: Test.JalaTechnologiesDemo</td>
<td></td>
<td>18</td>
<td>Test.JalaTechnologiesDemo@6f4a47c7</td></tr>
<tr>
<td title='Test.JalaTechnologiesDemo.verifyAndClickLableMoreonHomePage()'><b>verifyAndClickLableMoreonHomePage</b><br>Test class: Test.JalaTechnologiesDemo</td>
<td></td>
<td>12</td>
<td>Test.JalaTechnologiesDemo@6f4a47c7</td></tr>
<tr>
<td title='Test.JalaTechnologiesDemo.verifyAndEnterNameonSearchEmployeePage()'><b>verifyAndEnterNameonSearchEmployeePage</b><br>Test class: Test.JalaTechnologiesDemo</td>
<td></td>
<td>17</td>
<td>Test.JalaTechnologiesDemo@6f4a47c7</td></tr>
<tr>
<td title='Test.JalaTechnologiesDemo.verifyEmployeePersonalDetailsOnCreateEmployeePage()'><b>verifyEmployeePersonalDetailsOnCreateEmployeePage</b><br>Test class: Test.JalaTechnologiesDemo</td>
<td></td>
<td>26</td>
<td>Test.JalaTechnologiesDemo@6f4a47c7</td></tr>
<tr>
<td title='Test.JalaTechnologiesDemo.verifyLableMenuonHomePage()'><b>verifyLableMenuonHomePage</b><br>Test class: Test.JalaTechnologiesDemo</td>
<td></td>
<td>18</td>
<td>Test.JalaTechnologiesDemo@6f4a47c7</td></tr>
<tr>
<td title='Test.JalaTechnologiesDemo.verifyAndMultipleTabonHomePage()'><b>verifyAndMultipleTabonHomePage</b><br>Test class: Test.JalaTechnologiesDemo</td>
<td></td>
<td>17</td>
<td>Test.JalaTechnologiesDemo@6f4a47c7</td></tr>
<tr>
<td title='Test.JalaTechnologiesDemo.verifySearchEmployeeHeaderonSearchEmployeePage()'><b>verifySearchEmployeeHeaderonSearchEmployeePage</b><br>Test class: Test.JalaTechnologiesDemo</td>
<td></td>
<td>16</td>
<td>Test.JalaTechnologiesDemo@6f4a47c7</td></tr>
<tr>
<td title='Test.JalaTechnologiesDemo.verifyLableCollapsibleContentonHomePage()'><b>verifyLableCollapsibleContentonHomePage</b><br>Test class: Test.JalaTechnologiesDemo</td>
<td></td>
<td>16</td>
<td>Test.JalaTechnologiesDemo@6f4a47c7</td></tr>
<tr>
<td title='Test.JalaTechnologiesDemo.verifyCreateEmployeeHeaderOnCreateEmployeePage()'><b>verifyCreateEmployeeHeaderOnCreateEmployeePage</b><br>Test class: Test.JalaTechnologiesDemo</td>
<td></td>
<td>16</td>
<td>Test.JalaTechnologiesDemo@6f4a47c7</td></tr>
<tr>
<td title='Test.JalaTechnologiesDemo.verifyAndClickCheckboxQAAutomationonCreateEmployeePage()'><b>verifyAndClickCheckboxQAAutomationonCreateEmployeePage</b><br>Test class: Test.JalaTechnologiesDemo</td>
<td></td>
<td>35</td>
<td>Test.JalaTechnologiesDemo@6f4a47c7</td></tr>
<tr>
<td title='Test.JalaTechnologiesDemo.verifyAndClickSaveButtononCreateEmployeePage()'><b>verifyAndClickSaveButtononCreateEmployeePage</b><br>Test class: Test.JalaTechnologiesDemo</td>
<td></td>
<td>36</td>
<td>Test.JalaTechnologiesDemo@6f4a47c7</td></tr>
<tr>
<td title='Test.JalaTechnologiesDemo.verifyLableEmploeeOptionsOnHomePage()'><b>verifyLableEmploeeOptionsOnHomePage</b><br>Test class: Test.JalaTechnologiesDemo</td>
<td></td>
<td>13</td>
<td>Test.JalaTechnologiesDemo@6f4a47c7</td></tr>
<tr>
<td title='Test.JalaTechnologiesDemo.verifyEditEmployeeHeaderonEditEmployeePage()'><b>verifyEditEmployeeHeaderonEditEmployeePage</b><br>Test class: Test.JalaTechnologiesDemo</td>
<td></td>
<td>20</td>
<td>Test.JalaTechnologiesDemo@6f4a47c7</td></tr>
<tr>
<td title='Test.JalaTechnologiesDemo.verifyAddressDetailsOnCreateEmployeePage()'><b>verifyAddressDetailsOnCreateEmployeePage</b><br>Test class: Test.JalaTechnologiesDemo</td>
<td></td>
<td>33</td>
<td>Test.JalaTechnologiesDemo@6f4a47c7</td></tr>
<tr>
<td title='Test.JalaTechnologiesDemo.verifyLableEmployeeOnHomePage()'><b>verifyLableEmployeeOnHomePage</b><br>Test class: Test.JalaTechnologiesDemo</td>
<td></td>
<td>12</td>
<td>Test.JalaTechnologiesDemo@6f4a47c7</td></tr>
<tr>
<td title='Test.JalaTechnologiesDemo.verifyAndClickEditEmployeebtnonSearchEmployeePage()'><b>verifyAndClickEditEmployeebtnonSearchEmployeePage</b><br>Test class: Test.JalaTechnologiesDemo</td>
<td></td>
<td>19</td>
<td>Test.JalaTechnologiesDemo@6f4a47c7</td></tr>
<tr>
<td title='Test.JalaTechnologiesDemo.verifyAndDeleteEmployeebtnonSearchEmployeePage()'><b>verifyAndDeleteEmployeebtnonSearchEmployeePage</b><br>Test class: Test.JalaTechnologiesDemo</td>
<td></td>
<td>20</td>
<td>Test.JalaTechnologiesDemo@6f4a47c7</td></tr>
<tr>
<td title='Test.JalaTechnologiesDemo.verifyLoginFunctionalityWithValidCredentials()'><b>verifyLoginFunctionalityWithValidCredentials</b><br>Test class: Test.JalaTechnologiesDemo</td>
<td></td>
<td>11</td>
<td>Test.JalaTechnologiesDemo@6f4a47c7</td></tr>
</table><p>
</body>
</html>