<?xml version="1.0" encoding="UTF-8"?>
<testng-results ignored="21" total="22" passed="1" failed="0" skipped="0">
  <reporter-output>
  </reporter-output>
  <suite started-at="2025-11-25T17:44:45 IST" name="Default suite" finished-at="2025-11-25T17:45:01 IST" duration-ms="16276">
    <groups>
    </groups>
    <test started-at="2025-11-25T17:44:45 IST" name="Default test" finished-at="2025-11-25T17:45:01 IST" duration-ms="16276">
      <class name="Test.JalaTechnologiesDemo">
        <test-method is-config="true" signature="launchBrowser()[pri:0, instance:Test.JalaTechnologiesDemo@4009e306]" started-at="2025-11-25T17:44:45 IST" name="launchBrowser" finished-at="2025-11-25T17:44:47 IST" duration-ms="2131" status="PASS">
          <reporter-output>
          </reporter-output>
        </test-method> <!-- launchBrowser -->
        <test-method is-config="true" signature="createObject()[pri:0, instance:Test.JalaTechnologiesDemo@4009e306]" started-at="2025-11-25T17:44:47 IST" name="createObject" finished-at="2025-11-25T17:44:47 IST" duration-ms="56" status="PASS">
          <reporter-output>
          </reporter-output>
        </test-method> <!-- createObject -->
        <test-method is-config="true" signature="launchURL()[pri:0, instance:Test.JalaTechnologiesDemo@4009e306]" started-at="2025-11-25T17:44:47 IST" name="launchURL" finished-at="2025-11-25T17:44:48 IST" duration-ms="600" status="PASS">
          <reporter-output>
          </reporter-output>
        </test-method> <!-- launchURL -->
        <test-method signature="verifyLableEmploeeOptionsOnHomePage()[pri:3, instance:Test.JalaTechnologiesDemo@4009e306]" started-at="2025-11-25T17:44:48 IST" name="verifyLableEmploeeOptionsOnHomePage" finished-at="2025-11-25T17:45:01 IST" duration-ms="13110" status="PASS">
          <reporter-output>
          </reporter-output>
        </test-method> <!-- verifyLableEmploeeOptionsOnHomePage -->
        <test-method is-config="true" signature="logout(org.testng.ITestResult)[pri:0, instance:Test.JalaTechnologiesDemo@4009e306]" started-at="2025-11-25T17:45:01 IST" name="logout" finished-at="2025-11-25T17:45:01 IST" duration-ms="11" status="PASS">
          <params>
            <param index="0">
              <value>
                <![CDATA[[TestResult name=verifyLableEmploeeOptionsOnHomePage status=SUCCESS method=JalaTechnologiesDemo.verifyLableEmploeeOptionsOnHomePage()[pri:3, instance:Test.JalaTechnologiesDemo@4009e306] output={null}]]]>
              </value>
            </param>
          </params>
          <reporter-output>
          </reporter-output>
        </test-method> <!-- logout -->
        <test-method is-config="true" signature="closeBrowser()[pri:0, instance:Test.JalaTechnologiesDemo@4009e306]" started-at="2025-11-25T17:45:01 IST" name="closeBrowser" finished-at="2025-11-25T17:45:01 IST" duration-ms="283" status="PASS">
          <reporter-output>
          </reporter-output>
        </test-method> <!-- closeBrowser -->
      </class> <!-- Test.JalaTechnologiesDemo -->
    </test> <!-- Default test -->
  </suite> <!-- Default suite -->
</testng-results>
