<?xml version="1.0" encoding="UTF-8"?>
<!-- Generated by org.testng.reporters.JUnitReportReporter -->
<testsuite hostname="LAPTOP-1R7PR83T" failures="0" tests="22" name="Test.JalaTechnologiesDemo" time="431.345" errors="1" timestamp="2025-11-26T10:33:24 IST" skipped="0">
  <testcase classname="Test.JalaTechnologiesDemo" name="verifyLoginFunctionalityWithValidCredentials" time="11.504"/>
  <testcase classname="Test.JalaTechnologiesDemo" name="verifyLableEmployeeOnHomePage" time="14.262"/>
  <testcase classname="Test.JalaTechnologiesDemo" name="verifyLableEmploeeOptionsOnHomePage" time="13.235"/>
  <testcase classname="Test.JalaTechnologiesDemo" name="verifyLableEmployeeOptionCreateOnHomePage" time="15.299"/>
  <testcase classname="Test.JalaTechnologiesDemo" name="verifyCreateEmployeeHeaderOnCreateEmployeePage" time="16.553"/>
  <testcase classname="Test.JalaTechnologiesDemo" name="verifyEmployeePersonalDetailsOnCreateEmployeePage" time="26.994"/>
  <testcase classname="Test.JalaTechnologiesDemo" name="verifyandClickRadioButtonMaleOnCreateEmployeePage" time="28.239"/>
  <testcase classname="Test.JalaTechnologiesDemo" name="verifyAndClickCheckboxQAAutomationonCreateEmployeePage" time="35.421"/>
  <testcase classname="Test.JalaTechnologiesDemo" name="verifyAddressDetailsOnCreateEmployeePage" time="33.905"/>
  <testcase classname="Test.JalaTechnologiesDemo" name="verifyAndClickSaveButtononCreateEmployeePage" time="37.063"/>
  <testcase classname="Test.JalaTechnologiesDemo" name="verifyLableEmployeeOptionSearchOnHomePage" time="1.154">
    <error message="no such element: Unable to locate element: {&quot;method&quot;:&quot;xpath&quot;,&quot;selector&quot;:&quot;//input[@class=&#039;form-control&#039; and @name=&#039;UserName&#039;]&quot;}
  (Session info: chrome=142.0.7444.176)
For documentation on this error, please visit: https://www.selenium.dev/documentation/webdriver/troubleshooting/errors#no-such-element-exception
Build info: version: &#039;4.10.0&#039;, revision: &#039;c14d967899&#039;
System info: os.name: &#039;Windows 11&#039;, os.arch: &#039;amd64&#039;, os.version: &#039;10.0&#039;, java.version: &#039;21.0.6&#039;
Driver info: org.openqa.selenium.chrome.ChromeDriver
Command: [b8018f42dd7e83a6f095b1b6b04a3311, findElement {using=xpath, value=//input[@class=&#039;form-control&#039; and @name=&#039;UserName&#039;]}]
Capabilities {acceptInsecureCerts: false, browserName: chrome, browserVersion: 142.0.7444.176, chrome: {chromedriverVersion: 142.0.7444.175 (302067f14a4..., userDataDir: C:\Users\Swapnil\AppData\Lo...}, fedcm:accounts: true, goog:chromeOptions: {debuggerAddress: localhost:53869}, goog:processID: 20492, networkConnectionEnabled: false, pageLoadStrategy: normal, platformName: windows, proxy: Proxy(), se:cdp: ws://localhost:53869/devtoo..., se:cdpVersion: 142.0.7444.176, setWindowRect: true, strictFileInteractability: false, timeouts: {implicit: 0, pageLoad: 300000, script: 30000}, unhandledPromptBehavior: dismiss and notify, webauthn:extension:credBlob: true, webauthn:extension:largeBlob: true, webauthn:extension:minPinLength: true, webauthn:extension:prf: true, webauthn:virtualAuthenticators: true}
Session ID: b8018f42dd7e83a6f095b1b6b04a3311" type="org.openqa.selenium.NoSuchElementException">
      <![CDATA[org.openqa.selenium.NoSuchElementException: no such element: Unable to locate element: {"method":"xpath","selector":"//input[@class='form-control' and @name='UserName']"}
  (Session info: chrome=142.0.7444.176)
For documentation on this error, please visit: https://www.selenium.dev/documentation/webdriver/troubleshooting/errors#no-such-element-exception
Build info: version: '4.10.0', revision: 'c14d967899'
System info: os.name: 'Windows 11', os.arch: 'amd64', os.version: '10.0', java.version: '21.0.6'
Driver info: org.openqa.selenium.chrome.ChromeDriver
Command: [b8018f42dd7e83a6f095b1b6b04a3311, findElement {using=xpath, value=//input[@class='form-control' and @name='UserName']}]
Capabilities {acceptInsecureCerts: false, browserName: chrome, browserVersion: 142.0.7444.176, chrome: {chromedriverVersion: 142.0.7444.175 (302067f14a4..., userDataDir: C:\Users\Swapnil\AppData\Lo...}, fedcm:accounts: true, goog:chromeOptions: {debuggerAddress: localhost:53869}, goog:processID: 20492, networkConnectionEnabled: false, pageLoadStrategy: normal, platformName: windows, proxy: Proxy(), se:cdp: ws://localhost:53869/devtoo..., se:cdpVersion: 142.0.7444.176, setWindowRect: true, strictFileInteractability: false, timeouts: {implicit: 0, pageLoad: 300000, script: 30000}, unhandledPromptBehavior: dismiss and notify, webauthn:extension:credBlob: true, webauthn:extension:largeBlob: true, webauthn:extension:minPinLength: true, webauthn:extension:prf: true, webauthn:virtualAuthenticators: true}
Session ID: b8018f42dd7e83a6f095b1b6b04a3311
at java.base/jdk.internal.reflect.DirectConstructorHandleAccessor.newInstance(DirectConstructorHandleAccessor.java:62)
at java.base/java.lang.reflect.Constructor.newInstanceWithCaller(Constructor.java:502)
at java.base/java.lang.reflect.Constructor.newInstance(Constructor.java:486)
at org.openqa.selenium.remote.codec.w3c.W3CHttpResponseCodec.createException(W3CHttpResponseCodec.java:199)
at org.openqa.selenium.remote.codec.w3c.W3CHttpResponseCodec.decode(W3CHttpResponseCodec.java:132)
at org.openqa.selenium.remote.codec.w3c.W3CHttpResponseCodec.decode(W3CHttpResponseCodec.java:51)
at org.openqa.selenium.remote.HttpCommandExecutor.execute(HttpCommandExecutor.java:191)
at org.openqa.selenium.remote.service.DriverCommandExecutor.invokeExecute(DriverCommandExecutor.java:196)
at org.openqa.selenium.remote.service.DriverCommandExecutor.execute(DriverCommandExecutor.java:171)
at org.openqa.selenium.remote.RemoteWebDriver.execute(RemoteWebDriver.java:531)
at org.openqa.selenium.remote.ElementLocation$ElementFinder$2.findElement(ElementLocation.java:165)
at org.openqa.selenium.remote.ElementLocation.findElement(ElementLocation.java:59)
at org.openqa.selenium.remote.RemoteWebDriver.findElement(RemoteWebDriver.java:350)
at org.openqa.selenium.remote.RemoteWebDriver.findElement(RemoteWebDriver.java:344)
at org.openqa.selenium.support.pagefactory.DefaultElementLocator.findElement(DefaultElementLocator.java:68)
at org.openqa.selenium.support.pagefactory.internal.LocatingElementHandler.invoke(LocatingElementHandler.java:38)
at jdk.proxy2/jdk.proxy2.$Proxy19.click(Unknown Source)
at Pages.LoginPage.clickAndEnterEmail(LoginPage.java:34)
at Test.JalaTechnologiesDemo.verifyLableEmployeeOptionSearchOnHomePage(JalaTechnologiesDemo.java:213)
at java.base/jdk.internal.reflect.DirectMethodHandleAccessor.invoke(DirectMethodHandleAccessor.java:103)
at java.base/java.lang.reflect.Method.invoke(Method.java:580)
at org.testng.internal.invokers.MethodInvocationHelper.invokeMethod(MethodInvocationHelper.java:141)
at org.testng.internal.invokers.TestInvoker.invokeMethod(TestInvoker.java:687)
at org.testng.internal.invokers.TestInvoker.invokeTestMethod(TestInvoker.java:230)
at org.testng.internal.invokers.MethodRunner.runInSequence(MethodRunner.java:63)
at org.testng.internal.invokers.TestInvoker$MethodInvocationAgent.invoke(TestInvoker.java:995)
at org.testng.internal.invokers.TestInvoker.invokeTestMethods(TestInvoker.java:203)
at org.testng.internal.invokers.TestMethodWorker.invokeTestMethods(TestMethodWorker.java:154)
at org.testng.internal.invokers.TestMethodWorker.run(TestMethodWorker.java:134)
at java.base/java.util.ArrayList.forEach(ArrayList.java:1596)
at org.testng.TestRunner.privateRun(TestRunner.java:741)
at org.testng.TestRunner.run(TestRunner.java:616)
at org.testng.SuiteRunner.runTest(SuiteRunner.java:421)
at org.testng.SuiteRunner.runSequentially(SuiteRunner.java:413)
at org.testng.SuiteRunner.privateRun(SuiteRunner.java:373)
at org.testng.SuiteRunner.run(SuiteRunner.java:312)
at org.testng.SuiteRunnerWorker.runSuite(SuiteRunnerWorker.java:52)
at org.testng.SuiteRunnerWorker.run(SuiteRunnerWorker.java:95)
at org.testng.TestNG.runSuitesSequentially(TestNG.java:1274)
at org.testng.TestNG.runSuitesLocally(TestNG.java:1208)
at org.testng.TestNG.runSuites(TestNG.java:1112)
at org.testng.TestNG.run(TestNG.java:1079)
at org.testng.remote.AbstractRemoteTestNG.run(AbstractRemoteTestNG.java:115)
at org.testng.remote.RemoteTestNG.initAndRun(RemoteTestNG.java:293)
at org.testng.remote.RemoteTestNG.main(RemoteTestNG.java:91)
]]>
    </error>
  </testcase> <!-- verifyLableEmployeeOptionSearchOnHomePage -->
  <testcase classname="Test.JalaTechnologiesDemo" name="verifySearchEmployeeHeaderonSearchEmployeePage" time="16.359"/>
  <testcase classname="Test.JalaTechnologiesDemo" name="verifyandClickAddEmployeeBtnOnSearchEmployeePage" time="16.626"/>
  <testcase classname="Test.JalaTechnologiesDemo" name="verifyAndEnterNameonSearchEmployeePage" time="17.618"/>
  <testcase classname="Test.JalaTechnologiesDemo" name="verifyAndClickSearchbtnonSearchEmployeePage" time="18.511"/>
  <testcase classname="Test.JalaTechnologiesDemo" name="verifyAndClickEditEmployeebtnonSearchEmployeePage" time="20.014"/>
  <testcase classname="Test.JalaTechnologiesDemo" name="verifyEditEmployeeHeaderonEditEmployeePage" time="21.133"/>
  <testcase classname="Test.JalaTechnologiesDemo" name="verifyAndDeleteEmployeebtnonSearchEmployeePage" time="20.960"/>
  <testcase classname="Test.JalaTechnologiesDemo" name="verifyAndClickLableMoreonHomePage" time="13.011"/>
  <testcase classname="Test.JalaTechnologiesDemo" name="verifyAndMultipleTabonHomePage" time="17.579"/>
  <testcase classname="Test.JalaTechnologiesDemo" name="verifyLableMenuonHomePage" time="19.064"/>
  <testcase classname="Test.JalaTechnologiesDemo" name="verifyLableCollapsibleContentonHomePage" time="16.841"/>
</testsuite> <!-- Test.JalaTechnologiesDemo -->
